<?xml version="1.0" encoding="UTF-8"?>
<!-- Generated by org.testng.reporters.JUnitXMLReporter -->
<testsuite hostname="DESKTOP-NMGB7R5" ignored="2" name="Test" tests="4" failures="0" timestamp="2022-04-09T21:27:25 GST" time="47.125" errors="0">
  <testcase name="doVerifyTitle" time="0.056" classname="com.demo.testcases.TestCase2$TestCase1"/>
  <testcase name="doVerifyURL" time="0.029" classname="com.demo.testcases.TestCase2$TestCase1"/>
  <testcase name="doVerifyTitle" time="0.013" classname="com.demo.testcases.TestCase1"/>
  <testcase name="doVerifyURL" time="0.029" classname="com.demo.testcases.TestCase1"/>
  <testcase name="@BeforeSuite loadConfig" time="0.0" classname="com.demo.testbase.BaseTest">
    <ignored/>
  </testcase> <!-- @BeforeSuite loadConfig -->
  <testcase name="@BeforeSuite loadConfig" time="0.0" classname="com.demo.testbase.BaseTest">
    <ignored/>
  </testcase> <!-- @BeforeSuite loadConfig -->
</testsuite> <!-- Test -->
