<?xml version="1.0" encoding="UTF-8"?>
<!-- Generated by org.testng.reporters.JUnitXMLReporter -->
<testsuite hostname="DESKTOP-NMGB7R5" ignored="0" name="Test" tests="4" failures="0" timestamp="2022-04-09T21:57:23 GST" time="49.493" errors="0">
  <testcase name="doVerifyTitle" time="0.043" classname="com.demo.testcases.TestCase2$TestCase1"/>
  <testcase name="doVerifyURL" time="0.021" classname="com.demo.testcases.TestCase2$TestCase1"/>
  <testcase name="doVerifyTitle" time="0.026" classname="com.demo.testcases.TestCase1"/>
  <testcase name="doVerifyURL" time="0.025" classname="com.demo.testcases.TestCase1"/>
</testsuite> <!-- Test -->
