<?xml version="1.0" encoding="UTF-8"?>
<testsuite xmlns:xsi="http://www.w3.org/2001/XMLSchema-instance" xsi:noNamespaceSchemaLocation="https://maven.apache.org/surefire/maven-surefire-plugin/xsd/surefire-test-report-3.0.xsd" version="3.0" name="TestSuite" time="51.683" tests="4" errors="0" skipped="0" failures="0">
  <properties>
[...]
</properties>
  <testcase name="doVerifyTitle" classname="com.demo.testcases.TestCase2$TestCase1" time="0.05"/>
  <testcase name="doVerifyURL" classname="com.demo.testcases.TestCase2$TestCase1" time="0.02"/>
  <testcase name="doVerifyTitle" classname="com.demo.testcases.TestCase1" time="0.025"/>
  <testcase name="doVerifyURL" classname="com.demo.testcases.TestCase1" time="0.021"/>
</testsuite>